<?xml version="1.0" encoding="UTF-8"?>
<!-- Generated by org.testng.reporters.JUnitXMLReporter -->
<testsuite hostname="DESKTOP-1QL8QRP" ignored="2" name="Test" tests="3" failures="0" timestamp="01 Sep 2017 11:14:57 GMT" time="16.919" errors="0">
  <testcase name="@BeforeTest setup" time="16.859" classname="Com.CrossoverTechTrial.Reusables.Configurations.Configurator">
    <failure type="org.openqa.selenium.WebDriverException" message="chrome not reachable
  (Session info: chrome=60.0.3112.113)
  (Driver info: chromedriver=2.30.477700 (0057494ad8732195794a7b32078424f92a5fce41),platform=Windows NT 10.0.10586 x86_64) (WARNING: The server did not provide any stacktrace information)
Command duration or timeout: 4.02 seconds
Build info: version: &amp;apos;2.45.0&amp;apos;, revision: &amp;apos;5017cb8e7ca8e37638dc3091b2440b90a1d8686f&amp;apos;, time: &amp;apos;2015-02-27 09:10:26&amp;apos;
System info: host: &amp;apos;DESKTOP-1QL8QRP&amp;apos;, ip: &amp;apos;10.91.90.116&amp;apos;, os.name: &amp;apos;Windows 10&amp;apos;, os.arch: &amp;apos;amd64&amp;apos;, os.version: &amp;apos;10.0&amp;apos;, java.version: &amp;apos;1.8.0_144&amp;apos;
Driver info: org.openqa.selenium.chrome.ChromeDriver
Capabilities [{applicationCacheEnabled=false, rotatable=false, mobileEmulationEnabled=false, networkConnectionEnabled=false, chrome={chromedriverVersion=2.30.477700 (0057494ad8732195794a7b32078424f92a5fce41), userDataDir=C:\Users\Admin-it\AppData\Local\Temp\scoped_dir5352_16218}, takesHeapSnapshot=true, pageLoadStrategy=normal, databaseEnabled=false, handlesAlerts=true, hasTouchScreen=false, version=60.0.3112.113, platform=XP, browserConnectionEnabled=false, nativeEvents=true, acceptSslCerts=true, locationContextEnabled=true, webStorageEnabled=true, browserName=chrome, takesScreenshot=true, javascriptEnabled=true, cssSelectorsEnabled=true, unexpectedAlertBehaviour=}]
Session ID: c0b8925adf82633bcafa904b8d481005
*** Element info: {Using=xpath, value=.//*[@class =&amp;apos;login btn btn-blue btn-block ember-view&amp;apos;]}">
      <![CDATA[org.openqa.selenium.WebDriverException: chrome not reachable
  (Session info: chrome=60.0.3112.113)
  (Driver info: chromedriver=2.30.477700 (0057494ad8732195794a7b32078424f92a5fce41),platform=Windows NT 10.0.10586 x86_64) (WARNING: The server did not provide any stacktrace information)
Command duration or timeout: 4.02 seconds
Build info: version: '2.45.0', revision: '5017cb8e7ca8e37638dc3091b2440b90a1d8686f', time: '2015-02-27 09:10:26'
System info: host: 'DESKTOP-1QL8QRP', ip: '10.91.90.116', os.name: 'Windows 10', os.arch: 'amd64', os.version: '10.0', java.version: '1.8.0_144'
Driver info: org.openqa.selenium.chrome.ChromeDriver
Capabilities [{applicationCacheEnabled=false, rotatable=false, mobileEmulationEnabled=false, networkConnectionEnabled=false, chrome={chromedriverVersion=2.30.477700 (0057494ad8732195794a7b32078424f92a5fce41), userDataDir=C:\Users\Admin-it\AppData\Local\Temp\scoped_dir5352_16218}, takesHeapSnapshot=true, pageLoadStrategy=normal, databaseEnabled=false, handlesAlerts=true, hasTouchScreen=false, version=60.0.3112.113, platform=XP, browserConnectionEnabled=false, nativeEvents=true, acceptSslCerts=true, locationContextEnabled=true, webStorageEnabled=true, browserName=chrome, takesScreenshot=true, javascriptEnabled=true, cssSelectorsEnabled=true, unexpectedAlertBehaviour=}]
Session ID: c0b8925adf82633bcafa904b8d481005
*** Element info: {Using=xpath, value=.//*[@class ='login btn btn-blue btn-block ember-view']}
	at org.openqa.selenium.remote.ErrorHandler.createThrowable(ErrorHandler.java:204)
	at org.openqa.selenium.remote.ErrorHandler.throwIfResponseFailed(ErrorHandler.java:156)
	at org.openqa.selenium.remote.RemoteWebDriver.execute(RemoteWebDriver.java:599)
	at org.openqa.selenium.remote.RemoteWebDriver.findElement(RemoteWebDriver.java:352)
	at org.openqa.selenium.remote.RemoteWebDriver.findElementByXPath(RemoteWebDriver.java:449)
	at org.openqa.selenium.By$ByXPath.findElement(By.java:357)
	at org.openqa.selenium.remote.RemoteWebDriver.findElement(RemoteWebDriver.java:344)
	at Com.CrossoverTechTrial.PageObjects.CrossoverTechTrialLoginPage.ClickOnSignIn(CrossoverTechTrialLoginPage.java:42)
	at Com.CrossoverTechTrial.Reusables.Configurations.Configurator.setup(Configurator.java:77)
... Removed 27 stack frames]]>
    </failure>
  </testcase> <!-- @BeforeTest setup -->
  <testcase name="CreateNewPostscriptExecution" time="0.0" classname="Com.CrossoverTech.BusinessScripts.CrossoverTechCreateNewPostTestcases">
    <skipped/>
  </testcase> <!-- CreateNewPostscriptExecution -->
  <testcase name="EditPostscriptExecution" time="0.0" classname="Com.CrossoverTech.BusinessScripts.CrossoverTechEditPostTestcases">
    <skipped/>
  </testcase> <!-- EditPostscriptExecution -->
  <testcase name="DeletePostscriptExecution" time="0.0" classname="Com.CrossoverTech.BusinessScripts.CrossoverTechDeleteTestcases">
    <skipped/>
  </testcase> <!-- DeletePostscriptExecution -->
  <testcase name="@BeforeTest setup" time="0.0" classname="Com.CrossoverTechTrial.Reusables.Configurations.Configurator">
    <ignored/>
  </testcase> <!-- @BeforeTest setup -->
  <testcase name="@BeforeTest setup" time="0.0" classname="Com.CrossoverTechTrial.Reusables.Configurations.Configurator">
    <ignored/>
  </testcase> <!-- @BeforeTest setup -->
</testsuite> <!-- Test -->
